[27-Dec-2025 15:26:12 UTC] [2025-12-27 15:26:12] ERROR: request.error {"trace_id":"a76fe9aaf8b17bb09e58b6e92951e4bc","message":"SQLSTATE[42S22]: Column not found: 1054 Unknown column 'base_currency' in 'field list'","path":"/portfolios","method":"GET"}
[27-Dec-2025 15:26:13 UTC] [2025-12-27 15:26:13] ERROR: php.error {"trace_id":"3c804c63eb598ed3d96f332450032d07","message":"mkdir(): Permission denied","file":"/var/www/html/BkEndApi/src/Infrastructure/MarketData/ProviderMetrics.php","line":105}
[27-Dec-2025 15:26:34 UTC] [2025-12-27 15:26:34] ERROR: php.error {"trace_id":"1bba1d1978f1b5d83f2fe20cb197cd57","message":"mkdir(): Permission denied","file":"/var/www/html/BkEndApi/src/Infrastructure/MarketData/EodhdClient.php","line":203}
[27-Dec-2025 15:26:36 UTC] [2025-12-27 15:26:36] ERROR: php.error {"trace_id":"1bba1d1978f1b5d83f2fe20cb197cd57","message":"mkdir(): Permission denied","file":"/var/www/html/BkEndApi/src/Infrastructure/MarketData/EodhdClient.php","line":203}
[27-Dec-2025 15:26:36 UTC] [2025-12-27 15:26:36] ERROR: php.error {"trace_id":"1bba1d1978f1b5d83f2fe20cb197cd57","message":"file_put_contents(BkEndApi/logs/eodhd_exchange_BA.json): Failed to open stream: No such file or directory","file":"/var/www/html/BkEndApi/src/Infrastructure/MarketData/EodhdClient.php","line":197}
[27-Dec-2025 17:56:15 UTC] [2025-12-27 17:56:15] ERROR: request.error {"trace_id":"90b6e47fe45343342dbdd205648a8276","message":"SQLSTATE[42S22]: Column not found: 1054 Unknown column 'base_currency' in 'field list'","path":"/portfolios","method":"GET"}
[27-Dec-2025 17:56:16 UTC] [2025-12-27 17:56:16] ERROR: php.error {"trace_id":"d10604b7211f7cf7e84e3812eaff6719","message":"mkdir(): Permission denied","file":"/var/www/html/BkEndApi/src/Infrastructure/MarketData/ProviderMetrics.php","line":105}
[27-Dec-2025 17:56:23 UTC] [2025-12-27 17:56:23] ERROR: php.error {"trace_id":"675c6b443cff83ffc96ba85e0db3fa93","message":"mkdir(): Permission denied","file":"/var/www/html/BkEndApi/src/Infrastructure/MarketData/ProviderMetrics.php","line":105}
[27-Dec-2025 17:56:23 UTC] [2025-12-27 17:56:23] ERROR: php.error {"trace_id":"675c6b443cff83ffc96ba85e0db3fa93","message":"file_put_contents(/var/www/html/storage/metrics/providers_20251227.json): Failed to open stream: No such file or directory","file":"/var/www/html/BkEndApi/src/Infrastructure/MarketData/ProviderMetrics.php","line":73}
[27-Dec-2025 17:56:23 UTC] [2025-12-27 17:56:23] ERROR: php.error {"trace_id":"675c6b443cff83ffc96ba85e0db3fa93","message":"mkdir(): Permission denied","file":"/var/www/html/BkEndApi/src/Infrastructure/MarketData/ProviderMetrics.php","line":105}
[27-Dec-2025 17:56:23 UTC] [2025-12-27 17:56:23] ERROR: php.error {"trace_id":"675c6b443cff83ffc96ba85e0db3fa93","message":"file_put_contents(/var/www/html/storage/metrics/providers_20251227.json): Failed to open stream: No such file or directory","file":"/var/www/html/BkEndApi/src/Infrastructure/MarketData/ProviderMetrics.php","line":73}
[27-Dec-2025 17:56:24 UTC] [2025-12-27 17:56:24] ERROR: php.error {"trace_id":"675c6b443cff83ffc96ba85e0db3fa93","message":"mkdir(): Permission denied","file":"/var/www/html/BkEndApi/src/Infrastructure/MarketData/ProviderMetrics.php","line":105}
[27-Dec-2025 17:56:24 UTC] [2025-12-27 17:56:24] ERROR: php.error {"trace_id":"675c6b443cff83ffc96ba85e0db3fa93","message":"file_put_contents(/var/www/html/storage/metrics/providers_20251227.json): Failed to open stream: No such file or directory","file":"/var/www/html/BkEndApi/src/Infrastructure/MarketData/ProviderMetrics.php","line":73}
[27-Dec-2025 17:56:25 UTC] [2025-12-27 17:56:25] ERROR: php.error {"trace_id":"675c6b443cff83ffc96ba85e0db3fa93","message":"mkdir(): Permission denied","file":"/var/www/html/BkEndApi/src/Infrastructure/MarketData/ProviderMetrics.php","line":105}
[27-Dec-2025 17:56:25 UTC] [2025-12-27 17:56:25] ERROR: php.error {"trace_id":"675c6b443cff83ffc96ba85e0db3fa93","message":"file_put_contents(/var/www/html/storage/metrics/providers_20251227.json): Failed to open stream: No such file or directory","file":"/var/www/html/BkEndApi/src/Infrastructure/MarketData/ProviderMetrics.php","line":73}
[27-Dec-2025 17:56:25 UTC] [2025-12-27 17:56:25] ERROR: php.error {"trace_id":"675c6b443cff83ffc96ba85e0db3fa93","message":"mkdir(): Permission denied","file":"/var/www/html/BkEndApi/src/Infrastructure/MarketData/ProviderMetrics.php","line":105}
[27-Dec-2025 17:56:25 UTC] [2025-12-27 17:56:25] ERROR: php.error {"trace_id":"675c6b443cff83ffc96ba85e0db3fa93","message":"file_put_contents(/var/www/html/storage/metrics/providers_20251227.json): Failed to open stream: No such file or directory","file":"/var/www/html/BkEndApi/src/Infrastructure/MarketData/ProviderMetrics.php","line":73}
[27-Dec-2025 17:56:25 UTC] [2025-12-27 17:56:25] ERROR: php.error {"trace_id":"675c6b443cff83ffc96ba85e0db3fa93","message":"mkdir(): Permission denied","file":"/var/www/html/BkEndApi/src/Infrastructure/MarketData/ProviderMetrics.php","line":105}
[27-Dec-2025 17:56:25 UTC] [2025-12-27 17:56:25] ERROR: php.error {"trace_id":"675c6b443cff83ffc96ba85e0db3fa93","message":"file_put_contents(/var/www/html/storage/metrics/providers_20251227.json): Failed to open stream: No such file or directory","file":"/var/www/html/BkEndApi/src/Infrastructure/MarketData/ProviderMetrics.php","line":73}
[27-Dec-2025 17:56:27 UTC] [2025-12-27 17:56:27] ERROR: php.error {"trace_id":"675c6b443cff83ffc96ba85e0db3fa93","message":"mkdir(): Permission denied","file":"/var/www/html/BkEndApi/src/Infrastructure/MarketData/ProviderMetrics.php","line":105}
[27-Dec-2025 17:56:27 UTC] [2025-12-27 17:56:27] ERROR: php.error {"trace_id":"675c6b443cff83ffc96ba85e0db3fa93","message":"file_put_contents(/var/www/html/storage/metrics/providers_20251227.json): Failed to open stream: No such file or directory","file":"/var/www/html/BkEndApi/src/Infrastructure/MarketData/ProviderMetrics.php","line":73}
[27-Dec-2025 17:56:30 UTC] [2025-12-27 17:56:30] ERROR: php.error {"trace_id":"675c6b443cff83ffc96ba85e0db3fa93","message":"mkdir(): Permission denied","file":"/var/www/html/BkEndApi/src/Infrastructure/MarketData/ProviderMetrics.php","line":105}
[27-Dec-2025 17:56:30 UTC] [2025-12-27 17:56:30] ERROR: php.error {"trace_id":"675c6b443cff83ffc96ba85e0db3fa93","message":"file_put_contents(/var/www/html/storage/metrics/providers_20251227.json): Failed to open stream: No such file or directory","file":"/var/www/html/BkEndApi/src/Infrastructure/MarketData/ProviderMetrics.php","line":73}
[27-Dec-2025 17:56:30 UTC] [2025-12-27 17:56:30] ERROR: php.error {"trace_id":"675c6b443cff83ffc96ba85e0db3fa93","message":"mkdir(): Permission denied","file":"/var/www/html/BkEndApi/src/Infrastructure/MarketData/ProviderMetrics.php","line":105}
[27-Dec-2025 17:56:30 UTC] [2025-12-27 17:56:30] ERROR: php.error {"trace_id":"675c6b443cff83ffc96ba85e0db3fa93","message":"file_put_contents(/var/www/html/storage/metrics/providers_20251227.json): Failed to open stream: No such file or directory","file":"/var/www/html/BkEndApi/src/Infrastructure/MarketData/ProviderMetrics.php","line":73}
[27-Dec-2025 17:56:47 UTC] [2025-12-27 17:56:47] ERROR: php.error {"trace_id":"5d0e9133c0ab3a6baeb2878f61ae13fe","message":"mkdir(): Permission denied","file":"/var/www/html/BkEndApi/src/Infrastructure/MarketData/EodhdClient.php","line":203}
[27-Dec-2025 17:56:50 UTC] [2025-12-27 17:56:50] ERROR: php.error {"trace_id":"5d0e9133c0ab3a6baeb2878f61ae13fe","message":"mkdir(): Permission denied","file":"/var/www/html/BkEndApi/src/Infrastructure/MarketData/EodhdClient.php","line":203}
[27-Dec-2025 17:56:50 UTC] [2025-12-27 17:56:50] ERROR: php.error {"trace_id":"5d0e9133c0ab3a6baeb2878f61ae13fe","message":"file_put_contents(BkEndApi/logs/eodhd_exchange_BA.json): Failed to open stream: No such file or directory","file":"/var/www/html/BkEndApi/src/Infrastructure/MarketData/EodhdClient.php","line":197}
[27-Dec-2025 17:56:56 UTC] [2025-12-27 17:56:56] ERROR: request.error {"trace_id":"777dc2cbd9627c2535651ee1d10956d1","message":"Precio no disponible en Data Lake","path":"/datalake/prices/latest","method":"GET"}
[27-Dec-2025 17:57:47 UTC] [2025-12-27 17:57:47] ERROR: request.error {"trace_id":"bf7cdda5b7f38c91c25f9de14b13fed1","message":"Precio no disponible en Data Lake","path":"/datalake/prices/latest","method":"GET"}
[27-Dec-2025 17:58:03 UTC] [2025-12-27 17:58:03] ERROR: php.error {"trace_id":"9988b01ed54b87ee147f52dfd8d02ee4","message":"mkdir(): Permission denied","file":"/var/www/html/BkEndApi/src/Infrastructure/MarketData/ProviderMetrics.php","line":105}
[27-Dec-2025 17:58:03 UTC] [2025-12-27 17:58:03] ERROR: php.error {"trace_id":"9988b01ed54b87ee147f52dfd8d02ee4","message":"file_put_contents(/var/www/html/storage/metrics/providers_20251227.json): Failed to open stream: No such file or directory","file":"/var/www/html/BkEndApi/src/Infrastructure/MarketData/ProviderMetrics.php","line":73}
[27-Dec-2025 17:58:23 UTC] [2025-12-27 17:58:23] ERROR: php.error {"trace_id":"9988b01ed54b87ee147f52dfd8d02ee4","message":"mkdir(): Permission denied","file":"/var/www/html/BkEndApi/src/Infrastructure/MarketData/ProviderMetrics.php","line":105}
[27-Dec-2025 17:58:23 UTC] [2025-12-27 17:58:23] ERROR: php.error {"trace_id":"9988b01ed54b87ee147f52dfd8d02ee4","message":"file_put_contents(/var/www/html/storage/metrics/providers_20251227.json): Failed to open stream: No such file or directory","file":"/var/www/html/BkEndApi/src/Infrastructure/MarketData/ProviderMetrics.php","line":73}
[27-Dec-2025 17:58:25 UTC] [2025-12-27 17:58:25] ERROR: php.error {"trace_id":"9988b01ed54b87ee147f52dfd8d02ee4","message":"mkdir(): Permission denied","file":"/var/www/html/BkEndApi/src/Infrastructure/MarketData/ProviderMetrics.php","line":105}
[27-Dec-2025 17:58:25 UTC] [2025-12-27 17:58:25] ERROR: php.error {"trace_id":"9988b01ed54b87ee147f52dfd8d02ee4","message":"file_put_contents(/var/www/html/storage/metrics/providers_20251227.json): Failed to open stream: No such file or directory","file":"/var/www/html/BkEndApi/src/Infrastructure/MarketData/ProviderMetrics.php","line":73}
[27-Dec-2025 17:58:25 UTC] [2025-12-27 17:58:25] ERROR: php.error {"trace_id":"9988b01ed54b87ee147f52dfd8d02ee4","message":"mkdir(): Permission denied","file":"/var/www/html/BkEndApi/src/Infrastructure/MarketData/ProviderMetrics.php","line":105}
[27-Dec-2025 17:58:25 UTC] [2025-12-27 17:58:25] ERROR: php.error {"trace_id":"9988b01ed54b87ee147f52dfd8d02ee4","message":"file_put_contents(/var/www/html/storage/metrics/providers_20251227.json): Failed to open stream: No such file or directory","file":"/var/www/html/BkEndApi/src/Infrastructure/MarketData/ProviderMetrics.php","line":73}
[27-Dec-2025 17:58:26 UTC] [2025-12-27 17:58:26] ERROR: php.error {"trace_id":"9988b01ed54b87ee147f52dfd8d02ee4","message":"mkdir(): Permission denied","file":"/var/www/html/BkEndApi/src/Infrastructure/MarketData/ProviderMetrics.php","line":105}
[27-Dec-2025 17:58:26 UTC] [2025-12-27 17:58:26] ERROR: php.error {"trace_id":"9988b01ed54b87ee147f52dfd8d02ee4","message":"file_put_contents(/var/www/html/storage/metrics/providers_20251227.json): Failed to open stream: No such file or directory","file":"/var/www/html/BkEndApi/src/Infrastructure/MarketData/ProviderMetrics.php","line":73}
[27-Dec-2025 17:58:26 UTC] [2025-12-27 17:58:26] ERROR: php.error {"trace_id":"9988b01ed54b87ee147f52dfd8d02ee4","message":"mkdir(): Permission denied","file":"/var/www/html/BkEndApi/src/Infrastructure/MarketData/ProviderMetrics.php","line":105}
[27-Dec-2025 17:58:26 UTC] [2025-12-27 17:58:26] ERROR: php.error {"trace_id":"9988b01ed54b87ee147f52dfd8d02ee4","message":"file_put_contents(/var/www/html/storage/metrics/providers_20251227.json): Failed to open stream: No such file or directory","file":"/var/www/html/BkEndApi/src/Infrastructure/MarketData/ProviderMetrics.php","line":73}
[27-Dec-2025 17:58:26 UTC] [2025-12-27 17:58:26] ERROR: php.error {"trace_id":"9988b01ed54b87ee147f52dfd8d02ee4","message":"mkdir(): Permission denied","file":"/var/www/html/BkEndApi/src/Infrastructure/MarketData/ProviderMetrics.php","line":105}
[27-Dec-2025 17:58:26 UTC] [2025-12-27 17:58:26] ERROR: php.error {"trace_id":"9988b01ed54b87ee147f52dfd8d02ee4","message":"file_put_contents(/var/www/html/storage/metrics/providers_20251227.json): Failed to open stream: No such file or directory","file":"/var/www/html/BkEndApi/src/Infrastructure/MarketData/ProviderMetrics.php","line":73}
[27-Dec-2025 17:58:28 UTC] [2025-12-27 17:58:28] ERROR: php.error {"trace_id":"9988b01ed54b87ee147f52dfd8d02ee4","message":"mkdir(): Permission denied","file":"/var/www/html/BkEndApi/src/Infrastructure/MarketData/ProviderMetrics.php","line":105}
[27-Dec-2025 17:58:28 UTC] [2025-12-27 17:58:28] ERROR: php.error {"trace_id":"9988b01ed54b87ee147f52dfd8d02ee4","message":"file_put_contents(/var/www/html/storage/metrics/providers_20251227.json): Failed to open stream: No such file or directory","file":"/var/www/html/BkEndApi/src/Infrastructure/MarketData/ProviderMetrics.php","line":73}
[27-Dec-2025 17:58:28 UTC] [2025-12-27 17:58:28] ERROR: php.error {"trace_id":"9988b01ed54b87ee147f52dfd8d02ee4","message":"mkdir(): Permission denied","file":"/var/www/html/BkEndApi/src/Infrastructure/MarketData/ProviderMetrics.php","line":105}
[27-Dec-2025 17:58:28 UTC] [2025-12-27 17:58:28] ERROR: php.error {"trace_id":"9988b01ed54b87ee147f52dfd8d02ee4","message":"file_put_contents(/var/www/html/storage/metrics/providers_20251227.json): Failed to open stream: No such file or directory","file":"/var/www/html/BkEndApi/src/Infrastructure/MarketData/ProviderMetrics.php","line":73}
[27-Dec-2025 17:58:30 UTC] [2025-12-27 17:58:30] ERROR: php.error {"trace_id":"9988b01ed54b87ee147f52dfd8d02ee4","message":"mkdir(): Permission denied","file":"/var/www/html/BkEndApi/src/Infrastructure/MarketData/ProviderMetrics.php","line":105}
[27-Dec-2025 17:58:30 UTC] [2025-12-27 17:58:30] ERROR: php.error {"trace_id":"9988b01ed54b87ee147f52dfd8d02ee4","message":"file_put_contents(/var/www/html/storage/metrics/providers_20251227.json): Failed to open stream: No such file or directory","file":"/var/www/html/BkEndApi/src/Infrastructure/MarketData/ProviderMetrics.php","line":73}
[27-Dec-2025 17:58:31 UTC] [2025-12-27 17:58:31] ERROR: php.error {"trace_id":"9988b01ed54b87ee147f52dfd8d02ee4","message":"mkdir(): Permission denied","file":"/var/www/html/BkEndApi/src/Infrastructure/MarketData/ProviderMetrics.php","line":105}
[27-Dec-2025 17:58:31 UTC] [2025-12-27 17:58:31] ERROR: php.error {"trace_id":"9988b01ed54b87ee147f52dfd8d02ee4","message":"file_put_contents(/var/www/html/storage/metrics/providers_20251227.json): Failed to open stream: No such file or directory","file":"/var/www/html/BkEndApi/src/Infrastructure/MarketData/ProviderMetrics.php","line":73}
[27-Dec-2025 17:58:31 UTC] [2025-12-27 17:58:31] ERROR: php.error {"trace_id":"9988b01ed54b87ee147f52dfd8d02ee4","message":"mkdir(): Permission denied","file":"/var/www/html/BkEndApi/src/Infrastructure/MarketData/ProviderMetrics.php","line":105}
[27-Dec-2025 17:58:31 UTC] [2025-12-27 17:58:31] ERROR: php.error {"trace_id":"9988b01ed54b87ee147f52dfd8d02ee4","message":"file_put_contents(/var/www/html/storage/metrics/providers_20251227.json): Failed to open stream: No such file or directory","file":"/var/www/html/BkEndApi/src/Infrastructure/MarketData/ProviderMetrics.php","line":73}
[27-Dec-2025 17:58:31 UTC] [2025-12-27 17:58:31] ERROR: php.error {"trace_id":"9988b01ed54b87ee147f52dfd8d02ee4","message":"mkdir(): Permission denied","file":"/var/www/html/BkEndApi/src/Infrastructure/MarketData/ProviderMetrics.php","line":105}
[27-Dec-2025 17:58:31 UTC] [2025-12-27 17:58:31] ERROR: php.error {"trace_id":"9988b01ed54b87ee147f52dfd8d02ee4","message":"file_put_contents(/var/www/html/storage/metrics/providers_20251227.json): Failed to open stream: No such file or directory","file":"/var/www/html/BkEndApi/src/Infrastructure/MarketData/ProviderMetrics.php","line":73}
[27-Dec-2025 17:58:33 UTC] [2025-12-27 17:58:33] ERROR: php.error {"trace_id":"9988b01ed54b87ee147f52dfd8d02ee4","message":"mkdir(): Permission denied","file":"/var/www/html/BkEndApi/src/Infrastructure/MarketData/ProviderMetrics.php","line":105}
[27-Dec-2025 17:58:33 UTC] [2025-12-27 17:58:33] ERROR: php.error {"trace_id":"9988b01ed54b87ee147f52dfd8d02ee4","message":"file_put_contents(/var/www/html/storage/metrics/providers_20251227.json): Failed to open stream: No such file or directory","file":"/var/www/html/BkEndApi/src/Infrastructure/MarketData/ProviderMetrics.php","line":73}
[27-Dec-2025 17:58:34 UTC] [2025-12-27 17:58:34] ERROR: php.error {"trace_id":"9988b01ed54b87ee147f52dfd8d02ee4","message":"mkdir(): Permission denied","file":"/var/www/html/BkEndApi/src/Infrastructure/MarketData/ProviderMetrics.php","line":105}
[27-Dec-2025 17:58:34 UTC] [2025-12-27 17:58:34] ERROR: php.error {"trace_id":"9988b01ed54b87ee147f52dfd8d02ee4","message":"file_put_contents(/var/www/html/storage/metrics/providers_20251227.json): Failed to open stream: No such file or directory","file":"/var/www/html/BkEndApi/src/Infrastructure/MarketData/ProviderMetrics.php","line":73}
[27-Dec-2025 17:58:34 UTC] [2025-12-27 17:58:34] ERROR: request.error {"trace_id":"9988b01ed54b87ee147f52dfd8d02ee4","message":"No se pudo obtener el precio desde los proveedores configurados","path":"/datalake/prices/collect","method":"POST"}
[27-Dec-2025 18:22:19 UTC] [2025-12-27 18:22:19] ERROR: request.error {"trace_id":"d7baf7ccaf0838c29a5f5e422889ebf5","message":"SQLSTATE[42S22]: Column not found: 1054 Unknown column 'base_currency' in 'field list'","path":"/portfolios","method":"GET"}
[27-Dec-2025 18:22:19 UTC] [2025-12-27 18:22:19] ERROR: php.error {"trace_id":"264e339f5b54a7b723791b7d2f39f138","message":"mkdir(): Permission denied","file":"/var/www/html/BkEndApi/src/Infrastructure/MarketData/ProviderMetrics.php","line":105}
[27-Dec-2025 22:56:59 UTC] [2025-12-27 22:56:59] ERROR: request.error {"trace_id":"a960faa7a83e672a089a20761b7f7cb2","message":"SQLSTATE[42S22]: Column not found: 1054 Unknown column 'base_currency' in 'field list'","path":"/portfolios","method":"GET"}
[27-Dec-2025 22:57:00 UTC] [2025-12-27 22:57:00] ERROR: php.error {"trace_id":"6e8bd64c79985c3d3652a1b10a4f9a23","message":"mkdir(): Permission denied","file":"/var/www/html/BkEndApi/src/Infrastructure/MarketData/ProviderMetrics.php","line":105}
[27-Dec-2025 22:57:06 UTC] [2025-12-27 22:57:06] ERROR: request.error {"trace_id":"681f797ce38cfb634e59b8543cc3a620","message":"Precio no disponible en Data Lake","path":"/datalake/prices/latest","method":"GET"}
[27-Dec-2025 22:57:22 UTC] [2025-12-27 22:57:22] ERROR: php.error {"trace_id":"ae9d5b0942c14dd46caea66c7a9fed86","message":"mkdir(): Permission denied","file":"/var/www/html/BkEndApi/src/Infrastructure/MarketData/ProviderMetrics.php","line":105}
[27-Dec-2025 22:57:22 UTC] [2025-12-27 22:57:22] ERROR: php.error {"trace_id":"ae9d5b0942c14dd46caea66c7a9fed86","message":"file_put_contents(/var/www/html/storage/metrics/providers_20251227.json): Failed to open stream: No such file or directory","file":"/var/www/html/BkEndApi/src/Infrastructure/MarketData/ProviderMetrics.php","line":73}
[27-Dec-2025 22:57:22 UTC] [2025-12-27 22:57:22] ERROR: php.error {"trace_id":"ae9d5b0942c14dd46caea66c7a9fed86","message":"mkdir(): Permission denied","file":"/var/www/html/BkEndApi/src/Infrastructure/MarketData/ProviderMetrics.php","line":105}
[27-Dec-2025 22:57:22 UTC] [2025-12-27 22:57:22] ERROR: php.error {"trace_id":"ae9d5b0942c14dd46caea66c7a9fed86","message":"file_put_contents(/var/www/html/storage/metrics/providers_20251227.json): Failed to open stream: No such file or directory","file":"/var/www/html/BkEndApi/src/Infrastructure/MarketData/ProviderMetrics.php","line":73}
[27-Dec-2025 22:57:23 UTC] [2025-12-27 22:57:23] ERROR: php.error {"trace_id":"ae9d5b0942c14dd46caea66c7a9fed86","message":"mkdir(): Permission denied","file":"/var/www/html/BkEndApi/src/Infrastructure/MarketData/ProviderMetrics.php","line":105}
[27-Dec-2025 22:57:23 UTC] [2025-12-27 22:57:23] ERROR: php.error {"trace_id":"ae9d5b0942c14dd46caea66c7a9fed86","message":"file_put_contents(/var/www/html/storage/metrics/providers_20251227.json): Failed to open stream: No such file or directory","file":"/var/www/html/BkEndApi/src/Infrastructure/MarketData/ProviderMetrics.php","line":73}
[27-Dec-2025 22:57:24 UTC] [2025-12-27 22:57:24] ERROR: php.error {"trace_id":"ae9d5b0942c14dd46caea66c7a9fed86","message":"mkdir(): Permission denied","file":"/var/www/html/BkEndApi/src/Infrastructure/MarketData/ProviderMetrics.php","line":105}
[27-Dec-2025 22:57:24 UTC] [2025-12-27 22:57:24] ERROR: php.error {"trace_id":"ae9d5b0942c14dd46caea66c7a9fed86","message":"file_put_contents(/var/www/html/storage/metrics/providers_20251227.json): Failed to open stream: No such file or directory","file":"/var/www/html/BkEndApi/src/Infrastructure/MarketData/ProviderMetrics.php","line":73}
[27-Dec-2025 22:57:24 UTC] [2025-12-27 22:57:24] ERROR: php.error {"trace_id":"ae9d5b0942c14dd46caea66c7a9fed86","message":"mkdir(): Permission denied","file":"/var/www/html/BkEndApi/src/Infrastructure/MarketData/ProviderMetrics.php","line":105}
[27-Dec-2025 22:57:24 UTC] [2025-12-27 22:57:24] ERROR: php.error {"trace_id":"ae9d5b0942c14dd46caea66c7a9fed86","message":"file_put_contents(/var/www/html/storage/metrics/providers_20251227.json): Failed to open stream: No such file or directory","file":"/var/www/html/BkEndApi/src/Infrastructure/MarketData/ProviderMetrics.php","line":73}
[27-Dec-2025 22:57:25 UTC] [2025-12-27 22:57:25] ERROR: php.error {"trace_id":"ae9d5b0942c14dd46caea66c7a9fed86","message":"mkdir(): Permission denied","file":"/var/www/html/BkEndApi/src/Infrastructure/MarketData/ProviderMetrics.php","line":105}
[27-Dec-2025 22:57:25 UTC] [2025-12-27 22:57:25] ERROR: php.error {"trace_id":"ae9d5b0942c14dd46caea66c7a9fed86","message":"file_put_contents(/var/www/html/storage/metrics/providers_20251227.json): Failed to open stream: No such file or directory","file":"/var/www/html/BkEndApi/src/Infrastructure/MarketData/ProviderMetrics.php","line":73}
[27-Dec-2025 22:57:25 UTC] [2025-12-27 22:57:25] ERROR: php.error {"trace_id":"ae9d5b0942c14dd46caea66c7a9fed86","message":"mkdir(): Permission denied","file":"/var/www/html/BkEndApi/src/Infrastructure/MarketData/ProviderMetrics.php","line":105}
[27-Dec-2025 22:57:25 UTC] [2025-12-27 22:57:25] ERROR: php.error {"trace_id":"ae9d5b0942c14dd46caea66c7a9fed86","message":"file_put_contents(/var/www/html/storage/metrics/providers_20251227.json): Failed to open stream: No such file or directory","file":"/var/www/html/BkEndApi/src/Infrastructure/MarketData/ProviderMetrics.php","line":73}
[27-Dec-2025 22:57:26 UTC] [2025-12-27 22:57:26] ERROR: php.error {"trace_id":"ae9d5b0942c14dd46caea66c7a9fed86","message":"mkdir(): Permission denied","file":"/var/www/html/BkEndApi/src/Infrastructure/MarketData/ProviderMetrics.php","line":105}
[27-Dec-2025 22:57:26 UTC] [2025-12-27 22:57:26] ERROR: php.error {"trace_id":"ae9d5b0942c14dd46caea66c7a9fed86","message":"file_put_contents(/var/www/html/storage/metrics/providers_20251227.json): Failed to open stream: No such file or directory","file":"/var/www/html/BkEndApi/src/Infrastructure/MarketData/ProviderMetrics.php","line":73}
[27-Dec-2025 22:57:27 UTC] [2025-12-27 22:57:27] ERROR: php.error {"trace_id":"ae9d5b0942c14dd46caea66c7a9fed86","message":"mkdir(): Permission denied","file":"/var/www/html/BkEndApi/src/Infrastructure/MarketData/ProviderMetrics.php","line":105}
[27-Dec-2025 22:57:27 UTC] [2025-12-27 22:57:27] ERROR: php.error {"trace_id":"ae9d5b0942c14dd46caea66c7a9fed86","message":"file_put_contents(/var/www/html/storage/metrics/providers_20251227.json): Failed to open stream: No such file or directory","file":"/var/www/html/BkEndApi/src/Infrastructure/MarketData/ProviderMetrics.php","line":73}
[27-Dec-2025 22:57:27 UTC] [2025-12-27 22:57:27] ERROR: php.error {"trace_id":"ae9d5b0942c14dd46caea66c7a9fed86","message":"mkdir(): Permission denied","file":"/var/www/html/BkEndApi/src/Infrastructure/MarketData/ProviderMetrics.php","line":105}
[27-Dec-2025 22:57:27 UTC] [2025-12-27 22:57:28] ERROR: php.error {"trace_id":"ae9d5b0942c14dd46caea66c7a9fed86","message":"file_put_contents(/var/www/html/storage/metrics/providers_20251227.json): Failed to open stream: No such file or directory","file":"/var/www/html/BkEndApi/src/Infrastructure/MarketData/ProviderMetrics.php","line":73}
[27-Dec-2025 22:57:29 UTC] [2025-12-27 22:57:29] ERROR: php.error {"trace_id":"ae9d5b0942c14dd46caea66c7a9fed86","message":"mkdir(): Permission denied","file":"/var/www/html/BkEndApi/src/Infrastructure/MarketData/ProviderMetrics.php","line":105}
[27-Dec-2025 22:57:29 UTC] [2025-12-27 22:57:29] ERROR: php.error {"trace_id":"ae9d5b0942c14dd46caea66c7a9fed86","message":"file_put_contents(/var/www/html/storage/metrics/providers_20251227.json): Failed to open stream: No such file or directory","file":"/var/www/html/BkEndApi/src/Infrastructure/MarketData/ProviderMetrics.php","line":73}
[27-Dec-2025 22:57:30 UTC] [2025-12-27 22:57:30] ERROR: php.error {"trace_id":"ae9d5b0942c14dd46caea66c7a9fed86","message":"mkdir(): Permission denied","file":"/var/www/html/BkEndApi/src/Infrastructure/MarketData/ProviderMetrics.php","line":105}
[27-Dec-2025 22:57:30 UTC] [2025-12-27 22:57:30] ERROR: php.error {"trace_id":"ae9d5b0942c14dd46caea66c7a9fed86","message":"file_put_contents(/var/www/html/storage/metrics/providers_20251227.json): Failed to open stream: No such file or directory","file":"/var/www/html/BkEndApi/src/Infrastructure/MarketData/ProviderMetrics.php","line":73}
[27-Dec-2025 22:57:30 UTC] [2025-12-27 22:57:30] ERROR: php.error {"trace_id":"ae9d5b0942c14dd46caea66c7a9fed86","message":"mkdir(): Permission denied","file":"/var/www/html/BkEndApi/src/Infrastructure/MarketData/ProviderMetrics.php","line":105}
[27-Dec-2025 22:57:30 UTC] [2025-12-27 22:57:30] ERROR: php.error {"trace_id":"ae9d5b0942c14dd46caea66c7a9fed86","message":"file_put_contents(/var/www/html/storage/metrics/providers_20251227.json): Failed to open stream: No such file or directory","file":"/var/www/html/BkEndApi/src/Infrastructure/MarketData/ProviderMetrics.php","line":73}
[27-Dec-2025 22:57:32 UTC] [2025-12-27 22:57:32] ERROR: php.error {"trace_id":"ae9d5b0942c14dd46caea66c7a9fed86","message":"mkdir(): Permission denied","file":"/var/www/html/BkEndApi/src/Infrastructure/MarketData/ProviderMetrics.php","line":105}
[27-Dec-2025 22:57:32 UTC] [2025-12-27 22:57:32] ERROR: php.error {"trace_id":"ae9d5b0942c14dd46caea66c7a9fed86","message":"file_put_contents(/var/www/html/storage/metrics/providers_20251227.json): Failed to open stream: No such file or directory","file":"/var/www/html/BkEndApi/src/Infrastructure/MarketData/ProviderMetrics.php","line":73}
[27-Dec-2025 22:57:33 UTC] [2025-12-27 22:57:33] ERROR: php.error {"trace_id":"ae9d5b0942c14dd46caea66c7a9fed86","message":"mkdir(): Permission denied","file":"/var/www/html/BkEndApi/src/Infrastructure/MarketData/ProviderMetrics.php","line":105}
[27-Dec-2025 22:57:33 UTC] [2025-12-27 22:57:33] ERROR: php.error {"trace_id":"ae9d5b0942c14dd46caea66c7a9fed86","message":"file_put_contents(/var/www/html/storage/metrics/providers_20251227.json): Failed to open stream: No such file or directory","file":"/var/www/html/BkEndApi/src/Infrastructure/MarketData/ProviderMetrics.php","line":73}
[27-Dec-2025 22:57:33 UTC] [2025-12-27 22:57:33] INFO: datalake.collect.fetch_failed {"symbol":"YPFD","message":"No se pudo obtener el precio desde los proveedores configurados"}
[27-Dec-2025 22:57:33 UTC] [2025-12-27 22:57:33] INFO: datalake.collect.partial {"trace_id":"ae9d5b0942c14dd46caea66c7a9fed86","ok":8,"failed":1,"total":9}
[27-Dec-2025 23:00:32 UTC] [2025-12-27 23:00:32] ERROR: request.error {"trace_id":"5509b8c9ce93ee314d2af35e75fb571a","message":"Precio no disponible en Data Lake","path":"/datalake/prices/latest","method":"GET"}
[27-Dec-2025 23:00:38 UTC] [2025-12-27 23:00:38] ERROR: php.error {"trace_id":"b7d2b6dcd6d3774ec74bcded6c29cdeb","message":"mkdir(): Permission denied","file":"/var/www/html/BkEndApi/src/Infrastructure/MarketData/ProviderMetrics.php","line":105}
[27-Dec-2025 23:00:38 UTC] [2025-12-27 23:00:38] ERROR: php.error {"trace_id":"b7d2b6dcd6d3774ec74bcded6c29cdeb","message":"file_put_contents(/var/www/html/storage/metrics/providers_20251227.json): Failed to open stream: No such file or directory","file":"/var/www/html/BkEndApi/src/Infrastructure/MarketData/ProviderMetrics.php","line":73}
[27-Dec-2025 23:00:39 UTC] [2025-12-27 23:00:39] ERROR: php.error {"trace_id":"b7d2b6dcd6d3774ec74bcded6c29cdeb","message":"mkdir(): Permission denied","file":"/var/www/html/BkEndApi/src/Infrastructure/MarketData/ProviderMetrics.php","line":105}
[27-Dec-2025 23:00:39 UTC] [2025-12-27 23:00:39] ERROR: php.error {"trace_id":"b7d2b6dcd6d3774ec74bcded6c29cdeb","message":"file_put_contents(/var/www/html/storage/metrics/providers_20251227.json): Failed to open stream: No such file or directory","file":"/var/www/html/BkEndApi/src/Infrastructure/MarketData/ProviderMetrics.php","line":73}
[27-Dec-2025 23:00:40 UTC] [2025-12-27 23:00:40] ERROR: php.error {"trace_id":"b7d2b6dcd6d3774ec74bcded6c29cdeb","message":"mkdir(): Permission denied","file":"/var/www/html/BkEndApi/src/Infrastructure/MarketData/ProviderMetrics.php","line":105}
[27-Dec-2025 23:00:40 UTC] [2025-12-27 23:00:40] ERROR: php.error {"trace_id":"b7d2b6dcd6d3774ec74bcded6c29cdeb","message":"file_put_contents(/var/www/html/storage/metrics/providers_20251227.json): Failed to open stream: No such file or directory","file":"/var/www/html/BkEndApi/src/Infrastructure/MarketData/ProviderMetrics.php","line":73}
[27-Dec-2025 23:00:40 UTC] [2025-12-27 23:00:40] ERROR: request.error {"trace_id":"b7d2b6dcd6d3774ec74bcded6c29cdeb","message":"No se pudo obtener el precio desde los proveedores configurados","path":"/prices","method":"GET"}
[27-Dec-2025 23:00:46 UTC] [2025-12-27 23:00:46] ERROR: php.error {"trace_id":"dcaba4ad6c41ed5032ac49ac9498887f","message":"mkdir(): Permission denied","file":"/var/www/html/BkEndApi/src/Infrastructure/MarketData/EodhdClient.php","line":203}
[27-Dec-2025 23:00:47 UTC] [2025-12-27 23:00:47] ERROR: php.error {"trace_id":"dcaba4ad6c41ed5032ac49ac9498887f","message":"mkdir(): Permission denied","file":"/var/www/html/BkEndApi/src/Infrastructure/MarketData/EodhdClient.php","line":203}
[27-Dec-2025 23:00:47 UTC] [2025-12-27 23:00:47] ERROR: php.error {"trace_id":"dcaba4ad6c41ed5032ac49ac9498887f","message":"file_put_contents(BkEndApi/logs/eodhd_exchange_BA.json): Failed to open stream: No such file or directory","file":"/var/www/html/BkEndApi/src/Infrastructure/MarketData/EodhdClient.php","line":197}
[27-Dec-2025 23:00:58 UTC] [2025-12-27 23:00:58] ERROR: request.error {"trace_id":"384cd42e24c98b74756f90afe521ee98","message":"Respuesta inválida de EODHD (HTTP 404)","path":"/eodhd/eod","method":"GET"}
[27-Dec-2025 23:01:03 UTC] [2025-12-27 23:01:03] ERROR: request.error {"trace_id":"34464dffce7c2e4a2d87d8cbf51de39a","message":"Respuesta inválida de EODHD (HTTP 404)","path":"/eodhd/eod","method":"GET"}
[27-Dec-2025 23:02:03 UTC] [2025-12-27 23:02:03] ERROR: request.error {"trace_id":"943a9ed9b9380cfdd7e77c18fab8f38b","message":"Precio no disponible en Data Lake","path":"/datalake/prices/latest","method":"GET"}
[27-Dec-2025 23:13:18 UTC] [2025-12-27 23:13:18] ERROR: request.error {"trace_id":"3a8528bf4465804051a47e91f451ee92","message":"SQLSTATE[42S22]: Column not found: 1054 Unknown column 'base_currency' in 'field list'","path":"/portfolios","method":"GET"}
[27-Dec-2025 23:13:19 UTC] [2025-12-27 23:13:19] ERROR: php.error {"trace_id":"16d96ab88f5a3b676c7c56c61e3f8405","message":"mkdir(): Permission denied","file":"/var/www/html/BkEndApi/src/Infrastructure/MarketData/ProviderMetrics.php","line":105}
[27-Dec-2025 23:13:54 UTC] [2025-12-27 23:13:54] ERROR: request.error {"trace_id":"7263e0562075fb669c74187c5e4bac88","message":"SQLSTATE[42S22]: Column not found: 1054 Unknown column 'base_currency' in 'field list'","path":"/portfolios","method":"GET"}
[27-Dec-2025 23:13:54 UTC] [2025-12-27 23:13:54] ERROR: php.error {"trace_id":"75bbc9c1e8d83af2e5d9001390086d87","message":"mkdir(): Permission denied","file":"/var/www/html/BkEndApi/src/Infrastructure/MarketData/ProviderMetrics.php","line":105}
[27-Dec-2025 23:14:23 UTC] [2025-12-27 23:14:23] ERROR: request.error {"trace_id":"cc907439d1b5296d0c3674ab1744e489","message":"SQLSTATE[42S22]: Column not found: 1054 Unknown column 'base_currency' in 'field list'","path":"/portfolios","method":"GET"}
[27-Dec-2025 23:14:24 UTC] [2025-12-27 23:14:24] ERROR: php.error {"trace_id":"96e5b2045bba71a90628aa10724fd5e0","message":"mkdir(): Permission denied","file":"/var/www/html/BkEndApi/src/Infrastructure/MarketData/ProviderMetrics.php","line":105}
[27-Dec-2025 23:14:32 UTC] [2025-12-27 23:14:32] ERROR: php.error {"trace_id":"bc972a96f1c407c69291187596a2374f","message":"mkdir(): Permission denied","file":"/var/www/html/BkEndApi/src/Infrastructure/MarketData/ProviderMetrics.php","line":105}
[27-Dec-2025 23:14:32 UTC] [2025-12-27 23:14:32] ERROR: php.error {"trace_id":"bc972a96f1c407c69291187596a2374f","message":"file_put_contents(/var/www/html/storage/metrics/providers_20251227.json): Failed to open stream: No such file or directory","file":"/var/www/html/BkEndApi/src/Infrastructure/MarketData/ProviderMetrics.php","line":73}
[27-Dec-2025 23:14:32 UTC] [2025-12-27 23:14:32] ERROR: php.error {"trace_id":"bc972a96f1c407c69291187596a2374f","message":"mkdir(): Permission denied","file":"/var/www/html/BkEndApi/src/Infrastructure/MarketData/ProviderMetrics.php","line":105}
[27-Dec-2025 23:14:32 UTC] [2025-12-27 23:14:32] ERROR: php.error {"trace_id":"bc972a96f1c407c69291187596a2374f","message":"file_put_contents(/var/www/html/storage/metrics/providers_20251227.json): Failed to open stream: No such file or directory","file":"/var/www/html/BkEndApi/src/Infrastructure/MarketData/ProviderMetrics.php","line":73}
[27-Dec-2025 23:14:33 UTC] [2025-12-27 23:14:33] ERROR: php.error {"trace_id":"bc972a96f1c407c69291187596a2374f","message":"mkdir(): Permission denied","file":"/var/www/html/BkEndApi/src/Infrastructure/MarketData/ProviderMetrics.php","line":105}
[27-Dec-2025 23:14:33 UTC] [2025-12-27 23:14:33] ERROR: php.error {"trace_id":"bc972a96f1c407c69291187596a2374f","message":"file_put_contents(/var/www/html/storage/metrics/providers_20251227.json): Failed to open stream: No such file or directory","file":"/var/www/html/BkEndApi/src/Infrastructure/MarketData/ProviderMetrics.php","line":73}
[27-Dec-2025 23:14:33 UTC] [2025-12-27 23:14:33] ERROR: php.error {"trace_id":"bc972a96f1c407c69291187596a2374f","message":"mkdir(): Permission denied","file":"/var/www/html/BkEndApi/src/Infrastructure/MarketData/ProviderMetrics.php","line":105}
[27-Dec-2025 23:14:33 UTC] [2025-12-27 23:14:33] ERROR: php.error {"trace_id":"bc972a96f1c407c69291187596a2374f","message":"file_put_contents(/var/www/html/storage/metrics/providers_20251227.json): Failed to open stream: No such file or directory","file":"/var/www/html/BkEndApi/src/Infrastructure/MarketData/ProviderMetrics.php","line":73}
[27-Dec-2025 23:14:33 UTC] [2025-12-27 23:14:33] ERROR: php.error {"trace_id":"bc972a96f1c407c69291187596a2374f","message":"mkdir(): Permission denied","file":"/var/www/html/BkEndApi/src/Infrastructure/MarketData/ProviderMetrics.php","line":105}
[27-Dec-2025 23:14:33 UTC] [2025-12-27 23:14:33] ERROR: php.error {"trace_id":"bc972a96f1c407c69291187596a2374f","message":"file_put_contents(/var/www/html/storage/metrics/providers_20251227.json): Failed to open stream: No such file or directory","file":"/var/www/html/BkEndApi/src/Infrastructure/MarketData/ProviderMetrics.php","line":73}
[27-Dec-2025 23:14:34 UTC] [2025-12-27 23:14:34] ERROR: php.error {"trace_id":"bc972a96f1c407c69291187596a2374f","message":"mkdir(): Permission denied","file":"/var/www/html/BkEndApi/src/Infrastructure/MarketData/ProviderMetrics.php","line":105}
[27-Dec-2025 23:14:34 UTC] [2025-12-27 23:14:34] ERROR: php.error {"trace_id":"bc972a96f1c407c69291187596a2374f","message":"file_put_contents(/var/www/html/storage/metrics/providers_20251227.json): Failed to open stream: No such file or directory","file":"/var/www/html/BkEndApi/src/Infrastructure/MarketData/ProviderMetrics.php","line":73}
[27-Dec-2025 23:14:34 UTC] [2025-12-27 23:14:34] ERROR: php.error {"trace_id":"bc972a96f1c407c69291187596a2374f","message":"mkdir(): Permission denied","file":"/var/www/html/BkEndApi/src/Infrastructure/MarketData/ProviderMetrics.php","line":105}
[27-Dec-2025 23:14:34 UTC] [2025-12-27 23:14:34] ERROR: php.error {"trace_id":"bc972a96f1c407c69291187596a2374f","message":"file_put_contents(/var/www/html/storage/metrics/providers_20251227.json): Failed to open stream: No such file or directory","file":"/var/www/html/BkEndApi/src/Infrastructure/MarketData/ProviderMetrics.php","line":73}
[27-Dec-2025 23:14:36 UTC] [2025-12-27 23:14:36] ERROR: php.error {"trace_id":"bc972a96f1c407c69291187596a2374f","message":"mkdir(): Permission denied","file":"/var/www/html/BkEndApi/src/Infrastructure/MarketData/ProviderMetrics.php","line":105}
[27-Dec-2025 23:14:36 UTC] [2025-12-27 23:14:36] ERROR: php.error {"trace_id":"bc972a96f1c407c69291187596a2374f","message":"file_put_contents(/var/www/html/storage/metrics/providers_20251227.json): Failed to open stream: No such file or directory","file":"/var/www/html/BkEndApi/src/Infrastructure/MarketData/ProviderMetrics.php","line":73}
[27-Dec-2025 23:14:37 UTC] [2025-12-27 23:14:37] ERROR: php.error {"trace_id":"bc972a96f1c407c69291187596a2374f","message":"mkdir(): Permission denied","file":"/var/www/html/BkEndApi/src/Infrastructure/MarketData/ProviderMetrics.php","line":105}
[27-Dec-2025 23:14:37 UTC] [2025-12-27 23:14:37] ERROR: php.error {"trace_id":"bc972a96f1c407c69291187596a2374f","message":"file_put_contents(/var/www/html/storage/metrics/providers_20251227.json): Failed to open stream: No such file or directory","file":"/var/www/html/BkEndApi/src/Infrastructure/MarketData/ProviderMetrics.php","line":73}
[27-Dec-2025 23:14:37 UTC] [2025-12-27 23:14:37] ERROR: php.error {"trace_id":"bc972a96f1c407c69291187596a2374f","message":"mkdir(): Permission denied","file":"/var/www/html/BkEndApi/src/Infrastructure/MarketData/ProviderMetrics.php","line":105}
[27-Dec-2025 23:14:37 UTC] [2025-12-27 23:14:37] ERROR: php.error {"trace_id":"bc972a96f1c407c69291187596a2374f","message":"file_put_contents(/var/www/html/storage/metrics/providers_20251227.json): Failed to open stream: No such file or directory","file":"/var/www/html/BkEndApi/src/Infrastructure/MarketData/ProviderMetrics.php","line":73}
[27-Dec-2025 23:14:38 UTC] [2025-12-27 23:14:38] ERROR: php.error {"trace_id":"bc972a96f1c407c69291187596a2374f","message":"mkdir(): Permission denied","file":"/var/www/html/BkEndApi/src/Infrastructure/MarketData/ProviderMetrics.php","line":105}
[27-Dec-2025 23:14:38 UTC] [2025-12-27 23:14:38] ERROR: php.error {"trace_id":"bc972a96f1c407c69291187596a2374f","message":"file_put_contents(/var/www/html/storage/metrics/providers_20251227.json): Failed to open stream: No such file or directory","file":"/var/www/html/BkEndApi/src/Infrastructure/MarketData/ProviderMetrics.php","line":73}
[27-Dec-2025 23:14:40 UTC] [2025-12-27 23:14:40] ERROR: php.error {"trace_id":"bc972a96f1c407c69291187596a2374f","message":"mkdir(): Permission denied","file":"/var/www/html/BkEndApi/src/Infrastructure/MarketData/ProviderMetrics.php","line":105}
[27-Dec-2025 23:14:40 UTC] [2025-12-27 23:14:40] ERROR: php.error {"trace_id":"bc972a96f1c407c69291187596a2374f","message":"file_put_contents(/var/www/html/storage/metrics/providers_20251227.json): Failed to open stream: No such file or directory","file":"/var/www/html/BkEndApi/src/Infrastructure/MarketData/ProviderMetrics.php","line":73}
